TN:
SF:src/app.ts
FN:57,(anonymous_1)
FN:66,(anonymous_2)
FNF:2
FNH:0
FNDA:0,(anonymous_1)
FNDA:0,(anonymous_2)
DA:1,0
DA:2,0
DA:3,0
DA:4,0
DA:5,0
DA:6,0
DA:7,0
DA:10,0
DA:11,0
DA:12,0
DA:13,0
DA:14,0
DA:16,0
DA:19,0
DA:38,0
DA:47,0
DA:50,0
DA:51,0
DA:54,0
DA:57,0
DA:58,0
DA:62,0
DA:66,0
DA:67,0
DA:75,0
DA:76,0
DA:77,0
DA:78,0
DA:81,0
DA:84,0
DA:86,0
LF:31
LH:0
BRF:0
BRH:0
end_of_record
TN:
SF:src/config/database.ts
FN:14,(anonymous_0)
FN:22,(anonymous_1)
FN:25,(anonymous_2)
FN:31,(anonymous_3)
FN:36,(anonymous_4)
FNF:5
FNH:0
FNDA:0,(anonymous_0)
FNDA:0,(anonymous_1)
FNDA:0,(anonymous_2)
FNDA:0,(anonymous_3)
FNDA:0,(anonymous_4)
DA:1,0
DA:2,0
DA:4,0
DA:13,0
DA:14,0
DA:15,0
DA:16,0
DA:21,0
DA:23,0
DA:26,0
DA:27,0
DA:31,0
DA:32,0
DA:33,0
DA:36,0
DA:37,0
DA:38,0
DA:41,0
LF:18
LH:0
BRDA:13,0,0,0
BRF:1
BRH:0
end_of_record
TN:
SF:src/config/index.ts
FNF:0
FNH:0
DA:1,3
DA:4,3
DA:6,3
DA:48,3
DA:56,3
DA:57,15
DA:58,0
DA:63,3
DA:64,0
LF:9
LH:7
BRDA:8,0,0,3
BRDA:8,0,1,0
BRDA:9,1,0,3
BRDA:9,1,1,0
BRDA:16,2,0,3
BRDA:16,2,1,0
BRDA:23,3,0,3
BRDA:23,3,1,0
BRDA:34,4,0,3
BRDA:34,4,1,0
BRDA:39,5,0,3
BRDA:39,5,1,0
BRDA:40,6,0,3
BRDA:40,6,1,0
BRDA:44,7,0,3
BRDA:44,7,1,0
BRDA:57,8,0,0
BRDA:63,9,0,0
BRDA:63,10,0,3
BRDA:63,10,1,0
BRF:20
BRH:9
end_of_record
TN:
SF:src/constants/reserved-subdomains.ts
FN:233,(anonymous_0)
FN:240,(anonymous_1)
FNF:2
FNH:0
FNDA:0,(anonymous_0)
FNDA:0,(anonymous_1)
DA:6,0
DA:233,0
DA:234,0
DA:240,0
DA:241,0
LF:5
LH:0
BRF:0
BRH:0
end_of_record
TN:
SF:src/controllers/auth.controller.ts
FN:10,(anonymous_0)
FN:33,(anonymous_1)
FN:51,(anonymous_2)
FN:66,(anonymous_3)
FN:93,(anonymous_4)
FNF:5
FNH:0
FNDA:0,(anonymous_0)
FNDA:0,(anonymous_1)
FNDA:0,(anonymous_2)
FNDA:0,(anonymous_3)
FNDA:0,(anonymous_4)
DA:2,0
DA:3,0
DA:5,0
DA:11,0
DA:12,0
DA:14,0
DA:21,0
DA:23,0
DA:25,0
DA:34,0
DA:35,0
DA:37,0
DA:39,0
DA:41,0
DA:43,0
DA:52,0
DA:54,0
DA:56,0
DA:58,0
DA:67,0
DA:68,0
DA:70,0
DA:71,0
DA:77,0
DA:81,0
DA:83,0
DA:85,0
DA:94,0
DA:97,0
DA:101,0
DA:106,0
LF:31
LH:0
BRDA:70,0,0,0
BRF:1
BRH:0
end_of_record
TN:
SF:src/controllers/subdomain.controller.ts
FN:11,(anonymous_0)
FN:47,(anonymous_1)
FN:63,(anonymous_2)
FN:101,(anonymous_3)
FN:127,(anonymous_4)
FN:149,(anonymous_5)
FNF:6
FNH:0
FNDA:0,(anonymous_0)
FNDA:0,(anonymous_1)
FNDA:0,(anonymous_2)
FNDA:0,(anonymous_3)
FNDA:0,(anonymous_4)
FNDA:0,(anonymous_5)
DA:2,0
DA:3,0
DA:4,0
DA:6,0
DA:12,0
DA:13,0
DA:15,0
DA:18,0
DA:21,0
DA:24,0
DA:26,0
DA:39,0
DA:48,0
DA:49,0
DA:51,0
DA:53,0
DA:55,0
DA:64,0
DA:65,0
DA:66,0
DA:68,0
DA:74,0
DA:80,0
DA:83,0
DA:84,0
DA:91,0
DA:93,0
DA:102,0
DA:103,0
DA:104,0
DA:105,0
DA:107,0
DA:111,0
DA:117,0
DA:119,0
DA:128,0
DA:129,0
DA:130,0
DA:132,0
DA:134,0
DA:139,0
DA:141,0
DA:150,0
DA:151,0
DA:152,0
DA:154,0
DA:156,0
DA:157,0
DA:163,0
DA:166,0
DA:168,0
DA:173,0
LF:52
LH:0
BRDA:34,0,0,0
BRDA:34,0,1,0
BRDA:83,1,0,0
BRDA:156,2,0,0
BRF:4
BRH:0
end_of_record
TN:
SF:src/controllers/subscription.controller.ts
FN:12,(anonymous_0)
FN:41,(anonymous_1)
FN:62,(anonymous_2)
FN:64,(anonymous_3)
FN:83,(anonymous_4)
FN:124,(anonymous_5)
FN:149,(anonymous_6)
FN:182,(anonymous_7)
FNF:8
FNH:0
FNDA:0,(anonymous_0)
FNDA:0,(anonymous_1)
FNDA:0,(anonymous_2)
FNDA:0,(anonymous_3)
FNDA:0,(anonymous_4)
FNDA:0,(anonymous_5)
FNDA:0,(anonymous_6)
FNDA:0,(anonymous_7)
DA:2,0
DA:3,0
DA:4,0
DA:5,0
DA:7,0
DA:17,0
DA:18,0
DA:20,0
DA:21,0
DA:24,0
DA:26,0
DA:33,0
DA:46,0
DA:47,0
DA:50,0
DA:52,0
DA:54,0
DA:63,0
DA:64,0
DA:73,0
DA:75,0
DA:88,0
DA:89,0
DA:90,0
DA:93,0
DA:94,0
DA:100,0
DA:103,0
DA:104,0
DA:111,0
DA:116,0
DA:129,0
DA:130,0
DA:132,0
DA:137,0
DA:141,0
DA:154,0
DA:155,0
DA:156,0
DA:158,0
DA:164,0
DA:169,0
DA:174,0
DA:187,0
DA:188,0
DA:190,0
DA:192,0
DA:194,0
DA:199,0
LF:49
LH:0
BRDA:93,0,0,0
BRDA:93,1,0,0
BRDA:93,1,1,0
BRDA:156,2,0,0
BRF:4
BRH:0
end_of_record
TN:
SF:src/controllers/webhook.controller.ts
FN:14,(anonymous_0)
FN:82,(anonymous_1)
FN:140,(anonymous_2)
FN:163,(anonymous_3)
FN:190,(anonymous_4)
FN:236,(anonymous_5)
FNF:6
FNH:0
FNDA:0,(anonymous_0)
FNDA:0,(anonymous_1)
FNDA:0,(anonymous_2)
FNDA:0,(anonymous_3)
FNDA:0,(anonymous_4)
FNDA:0,(anonymous_5)
DA:2,0
DA:3,0
DA:4,0
DA:5,0
DA:6,0
DA:9,0
DA:15,0
DA:17,0
DA:18,0
DA:19,0
DA:20,0
DA:23,0
DA:24,0
DA:25,0
DA:26,0
DA:27,0
DA:30,0
DA:32,0
DA:38,0
DA:44,0
DA:46,0
DA:47,0
DA:50,0
DA:51,0
DA:54,0
DA:55,0
DA:58,0
DA:59,0
DA:62,0
DA:63,0
DA:66,0
DA:69,0
DA:71,0
DA:75,0
DA:83,0
DA:85,0
DA:86,0
DA:89,0
DA:90,0
DA:91,0
DA:92,0
DA:95,0
DA:96,0
DA:97,0
DA:98,0
DA:103,0
DA:104,0
DA:105,0
DA:108,0
DA:112,0
DA:113,0
DA:114,0
DA:115,0
DA:119,0
DA:131,0
DA:141,0
DA:143,0
DA:154,0
DA:164,0
DA:167,0
DA:171,0
DA:172,0
DA:181,0
DA:193,0
DA:195,0
DA:196,0
DA:197,0
DA:201,0
DA:205,0
DA:206,0
DA:209,0
DA:213,0
DA:227,0
DA:237,0
DA:239,0
DA:240,0
DA:241,0
DA:245,0
DA:250,0
DA:251,0
DA:254,0
DA:258,0
DA:271,0
DA:281,0
LF:84
LH:0
BRDA:17,0,0,0
BRDA:24,1,0,0
BRDA:44,2,0,0
BRDA:44,2,1,0
BRDA:44,2,2,0
BRDA:44,2,3,0
BRDA:44,2,4,0
BRDA:44,2,5,0
BRDA:85,3,0,0
BRDA:90,4,0,0
BRDA:96,5,0,0
BRDA:104,6,0,0
BRDA:113,7,0,0
BRDA:149,8,0,0
BRDA:149,8,1,0
BRDA:171,9,0,0
BRDA:196,10,0,0
BRDA:205,11,0,0
BRDA:221,12,0,0
BRDA:221,12,1,0
BRDA:222,13,0,0
BRDA:222,13,1,0
BRDA:240,14,0,0
BRDA:250,15,0,0
BRDA:266,16,0,0
BRDA:266,16,1,0
BRF:26
BRH:0
end_of_record
TN:
SF:src/middleware/auth.middleware.ts
FN:9,(anonymous_0)
FN:50,(anonymous_1)
FNF:2
FNH:0
FNDA:0,(anonymous_0)
FNDA:0,(anonymous_1)
DA:2,0
DA:3,0
DA:4,0
DA:9,0
DA:14,0
DA:16,0
DA:18,0
DA:19,0
DA:22,0
DA:25,0
DA:28,0
DA:30,0
DA:31,0
DA:35,0
DA:37,0
DA:39,0
DA:40,0
DA:42,0
DA:43,0
DA:50,0
DA:55,0
DA:56,0
DA:58,0
DA:59,0
DA:60,0
DA:61,0
DA:63,0
DA:64,0
DA:68,0
DA:71,0
LF:30
LH:0
BRDA:18,0,0,0
BRDA:18,1,0,0
BRDA:18,1,1,0
BRDA:30,2,0,0
BRDA:39,3,0,0
BRDA:58,4,0,0
BRDA:58,5,0,0
BRDA:58,5,1,0
BRDA:63,6,0,0
BRF:9
BRH:0
end_of_record
TN:
SF:src/middleware/errorHandler.middleware.ts
FN:5,(anonymous_0)
FN:67,(anonymous_1)
FNF:2
FNH:0
FNDA:0,(anonymous_0)
FNDA:0,(anonymous_1)
DA:2,0
DA:3,0
DA:5,0
DA:12,0
DA:20,0
DA:21,0
DA:31,0
DA:32,0
DA:33,0
DA:34,0
DA:45,0
DA:46,0
DA:56,0
DA:67,0
DA:68,0
LF:15
LH:0
BRDA:20,0,0,0
BRDA:20,1,0,0
BRDA:20,1,1,0
BRDA:31,2,0,0
BRDA:33,3,0,0
BRDA:45,4,0,0
BRDA:59,5,0,0
BRDA:59,5,1,0
BRF:8
BRH:0
end_of_record
TN:
SF:src/middleware/rateLimiting.middleware.ts
FN:17,(anonymous_1)
FN:34,(anonymous_2)
FN:50,(anonymous_3)
FN:66,(anonymous_4)
FNF:4
FNH:0
FNDA:0,(anonymous_1)
FNDA:0,(anonymous_2)
FNDA:0,(anonymous_3)
FNDA:0,(anonymous_4)
DA:1,0
DA:2,0
DA:5,0
DA:17,0
DA:21,0
DA:34,0
DA:38,0
DA:50,0
DA:54,0
DA:66,0
LF:10
LH:0
BRF:0
BRH:0
end_of_record
TN:
SF:src/middleware/validation.middleware.ts
FN:5,(anonymous_0)
FN:6,(anonymous_1)
FN:10,(anonymous_2)
FN:19,(anonymous_3)
FN:20,(anonymous_4)
FN:24,(anonymous_5)
FN:33,(anonymous_6)
FN:34,(anonymous_7)
FN:38,(anonymous_8)
FNF:9
FNH:0
FNDA:0,(anonymous_0)
FNDA:0,(anonymous_1)
FNDA:0,(anonymous_2)
FNDA:0,(anonymous_3)
FNDA:0,(anonymous_4)
FNDA:0,(anonymous_5)
FNDA:0,(anonymous_6)
FNDA:0,(anonymous_7)
FNDA:0,(anonymous_8)
DA:3,0
DA:5,0
DA:6,0
DA:7,0
DA:9,0
DA:10,0
DA:11,0
DA:14,0
DA:15,0
DA:19,0
DA:20,0
DA:21,0
DA:23,0
DA:24,0
DA:25,0
DA:28,0
DA:29,0
DA:33,0
DA:34,0
DA:35,0
DA:37,0
DA:38,0
DA:39,0
DA:42,0
DA:43,0
LF:25
LH:0
BRDA:9,0,0,0
BRDA:23,1,0,0
BRDA:37,2,0,0
BRF:3
BRH:0
end_of_record
TN:
SF:src/routes/auth.routes.ts
FNF:0
FNH:0
DA:1,0
DA:2,0
DA:3,0
DA:4,0
DA:5,0
DA:6,0
DA:8,0
DA:11,0
DA:18,0
DA:26,0
DA:32,0
DA:38,0
DA:44,0
LF:13
LH:0
BRF:0
BRH:0
end_of_record
TN:
SF:src/routes/cron.routes.ts
FN:15,(anonymous_0)
FNF:1
FNH:0
FNDA:0,(anonymous_0)
DA:1,0
DA:2,0
DA:3,0
DA:4,0
DA:6,0
DA:15,0
DA:19,0
DA:20,0
DA:26,0
DA:27,0
DA:29,0
DA:34,0
DA:41,0
LF:13
LH:0
BRDA:19,0,0,0
BRF:1
BRH:0
end_of_record
TN:
SF:src/routes/subdomain.routes.ts
FNF:0
FNH:0
DA:1,0
DA:2,0
DA:3,0
DA:4,0
DA:5,0
DA:9,0
DA:10,0
DA:12,0
DA:15,0
DA:18,0
DA:21,0
DA:33,0
DA:41,0
DA:52,0
DA:64,0
DA:74,0
LF:16
LH:0
BRF:0
BRH:0
end_of_record
TN:
SF:src/routes/subscription.routes.ts
FNF:0
FNH:0
DA:1,0
DA:2,0
DA:3,0
DA:5,0
DA:10,0
DA:17,0
DA:24,0
DA:31,0
DA:38,0
DA:45,0
DA:52,0
DA:59,0
DA:61,0
LF:13
LH:0
BRF:0
BRH:0
end_of_record
TN:
SF:src/routes/webhook.routes.ts
FNF:0
FNH:0
DA:1,0
DA:2,0
DA:3,0
DA:5,0
DA:15,0
DA:21,0
LF:6
LH:0
BRF:0
BRH:0
end_of_record
TN:
SF:src/services/auth.service.ts
FN:33,(anonymous_1)
FN:75,(anonymous_2)
FN:117,(anonymous_3)
FN:133,(anonymous_4)
FN:146,(anonymous_5)
FNF:5
FNH:0
FNDA:0,(anonymous_1)
FNDA:0,(anonymous_2)
FNDA:0,(anonymous_3)
FNDA:0,(anonymous_4)
FNDA:0,(anonymous_5)
DA:1,0
DA:3,0
DA:4,0
DA:5,0
DA:6,0
DA:10,0
DA:29,0
DA:34,0
DA:37,0
DA:41,0
DA:42,0
DA:46,0
DA:49,0
DA:58,0
DA:61,0
DA:64,0
DA:66,0
DA:76,0
DA:79,0
DA:83,0
DA:84,0
DA:88,0
DA:90,0
DA:91,0
DA:95,0
DA:100,0
DA:103,0
DA:106,0
DA:108,0
DA:118,0
DA:122,0
DA:123,0
DA:126,0
DA:127,0
DA:134,0
DA:135,0
DA:136,0
DA:140,0
DA:147,0
DA:148,0
DA:152,0
DA:154,0
DA:159,0
LF:43
LH:0
BRDA:41,0,0,0
BRDA:83,1,0,0
BRDA:90,2,0,0
BRDA:122,3,0,0
BRF:4
BRH:0
end_of_record
TN:
SF:src/services/cron.service.ts
FN:12,(anonymous_1)
FN:31,(anonymous_2)
FN:32,(anonymous_3)
FN:54,(anonymous_4)
FN:56,(anonymous_5)
FN:63,(anonymous_6)
FNF:6
FNH:0
FNDA:0,(anonymous_1)
FNDA:0,(anonymous_2)
FNDA:0,(anonymous_3)
FNDA:0,(anonymous_4)
FNDA:0,(anonymous_5)
FNDA:0,(anonymous_6)
DA:1,0
DA:2,0
DA:3,0
DA:4,0
DA:6,0
DA:7,0
DA:14,0
DA:15,0
DA:16,0
DA:19,0
DA:22,0
DA:24,0
DA:32,0
DA:33,0
DA:34,0
DA:36,0
DA:38,0
DA:40,0
DA:47,0
DA:48,0
DA:55,0
DA:56,0
DA:57,0
DA:64,0
DA:65,0
DA:66,0
DA:70,0
LF:27
LH:0
BRDA:14,0,0,0
BRF:1
BRH:0
end_of_record
TN:
SF:src/services/dns.service.ts
FN:25,(anonymous_0)
FN:50,(anonymous_1)
FN:75,(anonymous_2)
FN:119,(anonymous_3)
FN:187,(anonymous_4)
FN:242,(anonymous_5)
FN:259,(anonymous_6)
FN:264,(anonymous_7)
FN:279,(anonymous_8)
FN:306,(anonymous_9)
FNF:10
FNH:0
FNDA:0,(anonymous_0)
FNDA:0,(anonymous_1)
FNDA:0,(anonymous_2)
FNDA:0,(anonymous_3)
FNDA:0,(anonymous_4)
FNDA:0,(anonymous_5)
FNDA:0,(anonymous_6)
FNDA:0,(anonymous_7)
FNDA:0,(anonymous_8)
FNDA:0,(anonymous_9)
DA:1,0
DA:2,0
DA:3,0
DA:4,0
DA:19,0
DA:21,0
DA:27,0
DA:29,0
DA:37,0
DA:38,0
DA:40,0
DA:51,0
DA:52,0
DA:55,0
DA:56,0
DA:59,0
DA:60,0
DA:61,0
DA:64,0
DA:65,0
DA:67,0
DA:68,0
DA:76,0
DA:77,0
DA:78,0
DA:80,0
DA:83,0
DA:90,0
DA:92,0
DA:98,0
DA:103,0
DA:109,0
DA:124,0
DA:125,0
DA:126,0
DA:128,0
DA:136,0
DA:137,0
DA:143,0
DA:150,0
DA:156,0
DA:157,0
DA:160,0
DA:166,0
DA:171,0
DA:177,0
DA:188,0
DA:189,0
DA:190,0
DA:192,0
DA:194,0
DA:196,0
DA:202,0
DA:205,0
DA:207,0
DA:208,0
DA:212,0
DA:214,0
DA:218,0
DA:225,0
DA:226,0
DA:229,0
DA:232,0
DA:243,0
DA:244,0
DA:245,0
DA:247,0
DA:249,0
DA:251,0
DA:252,0
DA:260,0
DA:261,0
DA:262,0
DA:264,0
DA:271,0
DA:272,0
DA:280,0
DA:281,0
DA:282,0
DA:284,0
DA:286,0
DA:287,0
DA:290,0
DA:291,0
DA:298,0
DA:299,0
DA:307,0
DA:308,0
DA:309,0
DA:311,0
DA:312,0
DA:317,0
LF:92
LH:0
BRDA:32,0,0,0
BRDA:32,0,1,0
BRDA:51,1,0,0
BRDA:60,2,0,0
BRDA:111,3,0,0
BRDA:111,3,1,0
BRDA:136,4,0,0
BRDA:136,4,1,0
BRDA:179,5,0,0
BRDA:179,5,1,0
BRDA:194,6,0,0
BRDA:194,6,1,0
BRDA:207,7,0,0
BRDA:207,8,0,0
BRDA:207,8,1,0
BRDA:225,9,0,0
BRDA:225,10,0,0
BRDA:225,10,1,0
BRDA:234,11,0,0
BRDA:234,11,1,0
BRDA:249,12,0,0
BRDA:249,12,1,0
BRDA:268,13,0,0
BRDA:268,13,1,0
BRDA:286,14,0,0
BRDA:286,15,0,0
BRDA:286,15,1,0
BRDA:295,16,0,0
BRDA:295,16,1,0
BRF:29
BRH:0
end_of_record
TN:
SF:src/services/stripe.service.ts
FN:47,(anonymous_1)
FN:71,(anonymous_2)
FN:78,(anonymous_3)
FN:88,(anonymous_4)
FN:122,(anonymous_5)
FN:171,(anonymous_6)
FN:201,(anonymous_7)
FN:224,(anonymous_8)
FN:256,(anonymous_9)
FN:281,(anonymous_10)
FN:307,(anonymous_11)
FN:328,(anonymous_12)
FNF:12
FNH:12
FNDA:28,(anonymous_1)
FNDA:1,(anonymous_2)
FNDA:22,(anonymous_3)
FNDA:3,(anonymous_4)
FNDA:4,(anonymous_5)
FNDA:2,(anonymous_6)
FNDA:3,(anonymous_7)
FNDA:3,(anonymous_8)
FNDA:1,(anonymous_9)
FNDA:2,(anonymous_10)
FNDA:2,(anonymous_11)
FNDA:2,(anonymous_12)
DA:1,2
DA:2,2
DA:3,2
DA:4,2
DA:10,2
DA:44,2
DA:45,28
DA:48,28
DA:50,28
DA:51,0
DA:52,0
DA:55,28
DA:56,28
DA:61,28
DA:63,0
DA:64,0
DA:72,1
DA:79,22
DA:80,0
DA:82,22
DA:93,3
DA:95,3
DA:96,3
DA:104,2
DA:109,2
DA:111,1
DA:115,1
DA:129,4
DA:131,4
DA:132,4
DA:153,3
DA:158,3
DA:160,1
DA:164,1
DA:175,2
DA:177,2
DA:178,2
DA:183,1
DA:188,1
DA:190,1
DA:194,1
DA:204,3
DA:206,3
DA:207,3
DA:208,1
DA:210,2
DA:211,1
DA:213,1
DA:217,1
DA:228,3
DA:230,3
DA:231,3
DA:238,2
DA:243,2
DA:245,1
DA:249,1
DA:259,1
DA:261,1
DA:262,1
DA:266,1
DA:268,1
DA:270,0
DA:274,0
DA:286,2
DA:288,2
DA:289,2
DA:295,1
DA:297,1
DA:300,1
DA:308,2
DA:310,2
DA:311,2
DA:312,1
DA:314,1
DA:315,1
DA:317,0
DA:321,0
DA:332,2
DA:334,2
DA:335,2
DA:340,2
DA:342,0
DA:346,0
DA:351,2
LF:84
LH:73
BRDA:20,0,0,2
BRDA:20,0,1,0
BRDA:32,1,0,2
BRDA:32,1,1,0
BRDA:50,2,0,0
BRDA:79,3,0,0
BRDA:210,4,0,1
BRDA:234,5,0,3
BRDA:234,5,1,2
BRDA:314,6,0,1
BRDA:337,7,0,2
BRDA:337,7,1,1
BRF:12
BRH:8
end_of_record
TN:
SF:src/services/subdomain.service.ts
FN:36,(anonymous_0)
FN:42,(anonymous_1)
FN:51,(anonymous_2)
FN:72,(anonymous_3)
FN:102,(anonymous_4)
FN:135,(anonymous_5)
FN:144,(anonymous_6)
FN:261,(anonymous_7)
FN:339,(anonymous_8)
FN:391,(anonymous_9)
FNF:10
FNH:0
FNDA:0,(anonymous_0)
FNDA:0,(anonymous_1)
FNDA:0,(anonymous_2)
FNDA:0,(anonymous_3)
FNDA:0,(anonymous_4)
FNDA:0,(anonymous_5)
FNDA:0,(anonymous_6)
FNDA:0,(anonymous_7)
FNDA:0,(anonymous_8)
FNDA:0,(anonymous_9)
DA:2,0
DA:3,0
DA:4,0
DA:5,0
DA:6,0
DA:15,0
DA:16,0
DA:32,0
DA:37,0
DA:42,0
DA:52,0
DA:53,0
DA:54,0
DA:57,0
DA:59,0
DA:60,0
DA:63,0
DA:77,0
DA:78,0
DA:79,0
DA:83,0
DA:84,0
DA:88,0
DA:92,0
DA:93,0
DA:96,0
DA:104,0
DA:105,0
DA:107,0
DA:108,0
DA:112,0
DA:113,0
DA:115,0
DA:116,0
DA:120,0
DA:121,0
DA:125,0
DA:126,0
DA:129,0
DA:137,0
DA:138,0
DA:145,0
DA:148,0
DA:151,0
DA:152,0
DA:153,0
DA:157,0
DA:158,0
DA:162,0
DA:163,0
DA:170,0
DA:174,0
DA:175,0
DA:182,0
DA:184,0
DA:186,0
DA:187,0
DA:188,0
DA:195,0
DA:196,0
DA:204,0
DA:215,0
DA:222,0
DA:224,0
DA:225,0
DA:229,0
DA:236,0
DA:246,0
DA:252,0
DA:266,0
DA:269,0
DA:270,0
DA:274,0
DA:278,0
DA:279,0
DA:283,0
DA:284,0
DA:290,0
DA:298,0
DA:304,0
DA:305,0
DA:309,0
DA:316,0
DA:324,0
DA:330,0
DA:341,0
DA:345,0
DA:346,0
DA:350,0
DA:351,0
DA:357,0
DA:364,0
DA:369,0
DA:370,0
DA:378,0
DA:382,0
DA:396,0
DA:402,0
DA:406,0
LF:99
LH:0
BRDA:53,0,0,0
BRDA:59,1,0,0
BRDA:78,2,0,0
BRDA:83,3,0,0
BRDA:92,4,0,0
BRDA:104,5,0,0
BRDA:107,6,0,0
BRDA:112,7,0,0
BRDA:115,8,0,0
BRDA:120,9,0,0
BRDA:125,10,0,0
BRDA:152,11,0,0
BRDA:157,12,0,0
BRDA:162,13,0,0
BRDA:174,14,0,0
BRDA:184,15,0,0
BRDA:187,16,0,0
BRDA:195,17,0,0
BRDA:224,18,0,0
BRDA:269,19,0,0
BRDA:278,20,0,0
BRDA:283,21,0,0
BRDA:304,22,0,0
BRDA:345,23,0,0
BRDA:350,24,0,0
BRDA:369,25,0,0
BRF:26
BRH:0
end_of_record
TN:
SF:src/services/subscription.service.ts
FN:21,(anonymous_0)
FN:60,(anonymous_1)
FN:114,(anonymous_2)
FN:132,(anonymous_3)
FN:147,(anonymous_4)
FN:164,(anonymous_5)
FN:170,(anonymous_6)
FN:212,(anonymous_7)
FN:252,(anonymous_8)
FN:257,(anonymous_9)
FN:273,(anonymous_10)
FN:345,(anonymous_11)
FN:380,(anonymous_12)
FN:425,(anonymous_13)
FN:485,(anonymous_14)
FN:572,(anonymous_15)
FN:610,(anonymous_16)
FN:674,(anonymous_17)
FNF:18
FNH:13
FNDA:2,(anonymous_0)
FNDA:0,(anonymous_1)
FNDA:4,(anonymous_2)
FNDA:5,(anonymous_3)
FNDA:6,(anonymous_4)
FNDA:8,(anonymous_5)
FNDA:4,(anonymous_6)
FNDA:8,(anonymous_7)
FNDA:11,(anonymous_8)
FNDA:11,(anonymous_9)
FNDA:0,(anonymous_10)
FNDA:0,(anonymous_11)
FNDA:3,(anonymous_12)
FNDA:0,(anonymous_13)
FNDA:0,(anonymous_14)
FNDA:4,(anonymous_15)
FNDA:5,(anonymous_16)
FNDA:4,(anonymous_17)
DA:1,1
DA:2,1
DA:3,1
DA:4,1
DA:5,1
DA:17,1
DA:23,2
DA:40,2
DA:41,1
DA:51,1
DA:54,2
DA:63,0
DA:65,0
DA:66,0
DA:70,0
DA:78,0
DA:79,0
DA:85,0
DA:89,0
DA:90,0
DA:91,0
DA:92,0
DA:99,0
DA:103,0
DA:115,4
DA:132,5
DA:133,4
DA:134,1
DA:144,1
DA:147,6
DA:151,4
DA:154,4
DA:163,4
DA:164,4
DA:165,8
DA:168,8
DA:170,4
DA:174,8
DA:175,8
DA:176,4
DA:178,4
DA:183,8
DA:184,2
DA:185,2
DA:192,8
DA:196,8
DA:206,4
DA:218,8
DA:235,8
DA:236,1
DA:246,1
DA:247,1
DA:251,8
DA:252,11
DA:257,11
DA:263,8
DA:279,0
DA:280,0
DA:287,0
DA:288,0
DA:291,0
DA:292,0
DA:293,0
DA:297,0
DA:301,0
DA:302,0
DA:306,0
DA:307,0
DA:308,0
DA:314,0
DA:317,0
DA:324,0
DA:332,0
DA:333,0
DA:336,0
DA:349,0
DA:350,0
DA:356,0
DA:360,0
DA:361,0
DA:367,0
DA:372,0
DA:388,3
DA:389,3
DA:390,7
DA:391,3
DA:392,3
DA:396,3
DA:399,3
DA:413,3
DA:419,3
DA:433,0
DA:437,0
DA:438,0
DA:445,0
DA:446,0
DA:448,0
DA:449,0
DA:451,0
DA:452,0
DA:454,0
DA:455,0
DA:458,0
DA:459,0
DA:462,0
DA:474,0
DA:479,0
DA:492,0
DA:494,0
DA:499,0
DA:500,0
DA:506,0
DA:507,0
DA:513,0
DA:517,0
DA:524,0
DA:536,0
DA:537,0
DA:545,0
DA:546,0
DA:552,0
DA:561,0
DA:566,0
DA:579,4
DA:582,4
DA:590,4
DA:591,4
DA:592,3
DA:599,4
DA:611,5
DA:614,5
DA:626,5
DA:628,4
DA:637,4
DA:654,4
DA:655,3
DA:664,3
DA:667,3
DA:673,4
DA:674,4
DA:679,4
DA:687,4
DA:688,1
DA:698,1
DA:705,3
DA:716,1
LF:146
LH:75
BRDA:40,0,0,1
BRDA:65,1,0,0
BRDA:78,2,0,0
BRDA:89,3,0,0
BRDA:99,4,0,0
BRDA:99,4,1,0
BRDA:99,4,2,0
BRDA:133,5,0,1
BRDA:133,5,1,3
BRDA:175,6,0,4
BRDA:183,7,0,2
BRDA:192,8,0,8
BRDA:192,8,1,1
BRDA:192,8,2,1
BRDA:235,9,0,1
BRDA:260,10,0,11
BRDA:260,10,1,9
BRDA:279,11,0,0
BRDA:287,12,0,0
BRDA:292,13,0,0
BRDA:301,14,0,0
BRDA:307,15,0,0
BRDA:310,16,0,0
BRDA:310,16,1,0
BRDA:310,17,0,0
BRDA:310,17,1,0
BRDA:332,18,0,0
BRDA:349,19,0,0
BRDA:360,20,0,0
BRDA:360,21,0,0
BRDA:360,21,1,0
BRDA:390,22,0,3
BRDA:437,23,0,0
BRDA:446,24,0,0
BRDA:446,24,1,0
BRDA:446,24,2,0
BRDA:446,24,3,0
BRDA:446,24,4,0
BRDA:492,25,0,0
BRDA:492,25,1,0
BRDA:499,26,0,0
BRDA:506,27,0,0
BRDA:513,28,0,0
BRDA:514,29,0,0
BRDA:514,29,1,0
BRDA:536,30,0,0
BRDA:545,31,0,0
BRDA:545,31,1,0
BRDA:545,32,0,0
BRDA:545,32,1,0
BRDA:548,33,0,0
BRDA:548,33,1,0
BRDA:591,34,0,3
BRDA:654,35,0,3
BRDA:687,36,0,1
BRDA:687,36,1,3
BRDA:687,37,0,4
BRDA:687,37,1,2
BRF:58
BRH:18
end_of_record
TN:
SF:src/utils/crypto.ts
FN:6,(anonymous_1)
FN:10,(anonymous_2)
FN:17,(anonymous_3)
FN:21,(anonymous_4)
FNF:4
FNH:0
FNDA:0,(anonymous_1)
FNDA:0,(anonymous_2)
FNDA:0,(anonymous_3)
FNDA:0,(anonymous_4)
DA:1,0
DA:2,0
DA:4,0
DA:6,0
DA:7,0
DA:10,0
DA:14,0
DA:17,0
DA:18,0
DA:21,0
DA:22,0
LF:11
LH:0
BRDA:17,0,0,0
BRF:1
BRH:0
end_of_record
TN:
SF:src/utils/errors.ts
FN:6,(anonymous_0)
FN:17,(anonymous_1)
FN:23,(anonymous_2)
FN:29,(anonymous_3)
FN:35,(anonymous_4)
FN:41,(anonymous_5)
FN:47,(anonymous_6)
FN:53,(anonymous_7)
FN:59,(anonymous_8)
FN:65,(anonymous_9)
FNF:10
FNH:2
FNDA:5,(anonymous_0)
FNDA:0,(anonymous_1)
FNDA:0,(anonymous_2)
FNDA:0,(anonymous_3)
FNDA:0,(anonymous_4)
FNDA:0,(anonymous_5)
FNDA:0,(anonymous_6)
FNDA:0,(anonymous_7)
FNDA:5,(anonymous_8)
FNDA:0,(anonymous_9)
DA:1,3
DA:7,5
DA:8,5
DA:9,5
DA:10,5
DA:12,5
DA:16,3
DA:18,0
DA:22,3
DA:24,0
DA:28,3
DA:30,0
DA:34,3
DA:36,0
DA:40,3
DA:42,0
DA:46,3
DA:48,0
DA:52,3
DA:54,0
DA:58,3
DA:60,5
DA:64,3
DA:68,0
DA:79,0
LF:25
LH:16
BRDA:18,0,0,0
BRDA:18,0,1,0
BRDA:23,1,0,0
BRDA:24,2,0,0
BRDA:24,2,1,0
BRDA:29,3,0,0
BRDA:30,4,0,0
BRDA:30,4,1,0
BRDA:35,5,0,0
BRDA:36,6,0,0
BRDA:36,6,1,0
BRDA:42,7,0,0
BRDA:42,7,1,0
BRDA:48,8,0,0
BRDA:48,8,1,0
BRDA:53,9,0,0
BRDA:54,10,0,0
BRDA:54,10,1,0
BRDA:59,11,0,0
BRDA:60,12,0,5
BRDA:60,12,1,5
BRDA:66,13,0,0
BRDA:79,14,0,0
BRDA:79,14,1,0
BRF:24
BRH:2
end_of_record
TN:
SF:src/utils/logger.ts
FN:14,(anonymous_1)
FNF:1
FNH:1
FNDA:56,(anonymous_1)
DA:1,3
DA:2,3
DA:4,3
DA:11,3
DA:15,56
DA:16,56
DA:17,28
DA:19,56
DA:23,3
DA:34,3
DA:35,0
DA:41,0
LF:12
LH:10
BRDA:16,0,0,28
BRDA:34,1,0,0
BRF:2
BRH:1
end_of_record
TN:
SF:src/utils/validation.ts
FN:57,(anonymous_1)
FNF:1
FNH:0
FNDA:0,(anonymous_1)
DA:1,0
DA:4,0
DA:20,0
DA:26,0
DA:40,0
DA:47,0
DA:52,0
DA:57,0
DA:61,0
LF:9
LH:0
BRF:0
BRH:0
end_of_record
